Replace Part C1 CC0805ZRY5V6BB475 in C:\Users\Public\Documents\Altium\Projects\ISL6236A Board\ISL6236A Sch.SchDoc with CC0805ZRY5V6BB475 from ISL6236A SchLib.SchLib
Replace Part C2 08053D105KAT2A in C:\Users\Public\Documents\Altium\Projects\ISL6236A Board\ISL6236A Sch.SchDoc with 08053D105KAT2A from ISL6236A SchLib.SchLib
Replace Part C3 885012109013 in C:\Users\Public\Documents\Altium\Projects\ISL6236A Board\ISL6236A Sch.SchDoc with 885012109013 from ISL6236A SchLib.SchLib
Replace Part C4 GRM2195C1H103FA01D in C:\Users\Public\Documents\Altium\Projects\ISL6236A Board\ISL6236A Sch.SchDoc with GRM2195C1H103FA01D from ISL6236A SchLib.SchLib
Replace Part C5 885012109013 in C:\Users\Public\Documents\Altium\Projects\ISL6236A Board\ISL6236A Sch.SchDoc with 885012109013 from ISL6236A SchLib.SchLib
Replace Part C6 08053D105KAT2A in C:\Users\Public\Documents\Altium\Projects\ISL6236A Board\ISL6236A Sch.SchDoc with 08053D105KAT2A from ISL6236A SchLib.SchLib
Replace Part C7 08055C104KAT2A in C:\Users\Public\Documents\Altium\Projects\ISL6236A Board\ISL6236A Sch.SchDoc with 08055C104KAT2A from ISL6236A SchLib.SchLib
Replace Part C8 CL31F224ZBCNNNC in C:\Users\Public\Documents\Altium\Projects\ISL6236A Board\ISL6236A Sch.SchDoc with CL31F224ZBCNNNC from ISL6236A SchLib.SchLib
Replace Part C9 TCJB337M002R0070 in C:\Users\Public\Documents\Altium\Projects\ISL6236A Board\ISL6236A Sch.SchDoc with TCJB337M002R0070 from ISL6236A SchLib.SchLib
Replace Part C10 TCJB337M002R0070 in C:\Users\Public\Documents\Altium\Projects\ISL6236A Board\ISL6236A Sch.SchDoc with TCJB337M002R0070 from ISL6236A SchLib.SchLib
Replace Part C11 08055C104KAT2A in C:\Users\Public\Documents\Altium\Projects\ISL6236A Board\ISL6236A Sch.SchDoc with 08055C104KAT2A from ISL6236A SchLib.SchLib
Replace Part C12 08055C104KAT2A in C:\Users\Public\Documents\Altium\Projects\ISL6236A Board\ISL6236A Sch.SchDoc with 08055C104KAT2A from ISL6236A SchLib.SchLib
Replace Part J1 PAD_WITH_HOLE_4MMX1.5MM in C:\Users\Public\Documents\Altium\Projects\ISL6236A Board\ISL6236A Sch.SchDoc with PAD_WITH_HOLE_4MMX1.5MM from ISL6236A SchLib.SchLib
Replace Part J2 PAD_WITH_HOLE_4MMX1.5MM in C:\Users\Public\Documents\Altium\Projects\ISL6236A Board\ISL6236A Sch.SchDoc with PAD_WITH_HOLE_4MMX1.5MM from ISL6236A SchLib.SchLib
Replace Part J3 PAD_WITH_HOLE_4MMX1.5MM in C:\Users\Public\Documents\Altium\Projects\ISL6236A Board\ISL6236A Sch.SchDoc with PAD_WITH_HOLE_4MMX1.5MM from ISL6236A SchLib.SchLib
Replace Part J4 PAD_WITH_HOLE_4MMX1.5MM in C:\Users\Public\Documents\Altium\Projects\ISL6236A Board\ISL6236A Sch.SchDoc with PAD_WITH_HOLE_4MMX1.5MM from ISL6236A SchLib.SchLib
Replace Part J5 PAD_WITH_HOLE_4MMX1.5MM in C:\Users\Public\Documents\Altium\Projects\ISL6236A Board\ISL6236A Sch.SchDoc with PAD_WITH_HOLE_4MMX1.5MM from ISL6236A SchLib.SchLib
Replace Part J6 PAD_WITH_HOLE_4MMX1.5MM in C:\Users\Public\Documents\Altium\Projects\ISL6236A Board\ISL6236A Sch.SchDoc with PAD_WITH_HOLE_4MMX1.5MM from ISL6236A SchLib.SchLib
Replace Part L1 DR125-3R3-R in C:\Users\Public\Documents\Altium\Projects\ISL6236A Board\ISL6236A Sch.SchDoc with DR125-3R3-R from ISL6236A SchLib.SchLib
Replace Part L2 DR125-2R2-R in C:\Users\Public\Documents\Altium\Projects\ISL6236A Board\ISL6236A Sch.SchDoc with DR125-2R2-R from ISL6236A SchLib.SchLib
Replace Part R1 RC0603JR-070RL in C:\Users\Public\Documents\Altium\Projects\ISL6236A Board\ISL6236A Sch.SchDoc with RC0603JR-070RL from ISL6236A SchLib.SchLib
Replace Part R2 RC0603JR-070RL in C:\Users\Public\Documents\Altium\Projects\ISL6236A Board\ISL6236A Sch.SchDoc with RC0603JR-070RL from ISL6236A SchLib.SchLib
Replace Part R3 ESR10EZPJ100 in C:\Users\Public\Documents\Altium\Projects\ISL6236A Board\ISL6236A Sch.SchDoc with ESR10EZPJ100 from ISL6236A SchLib.SchLib
Replace Part R4 RMCF0805FT1R00 in C:\Users\Public\Documents\Altium\Projects\ISL6236A Board\ISL6236A Sch.SchDoc with RMCF0805FT1R00 from ISL6236A SchLib.SchLib
Replace Part R5 RMCF0805FT1R00 in C:\Users\Public\Documents\Altium\Projects\ISL6236A Board\ISL6236A Sch.SchDoc with RMCF0805FT1R00 from ISL6236A SchLib.SchLib
Replace Part R6 RC0805FR-07200KL in C:\Users\Public\Documents\Altium\Projects\ISL6236A Board\ISL6236A Sch.SchDoc with RC0805FR-07200KL from ISL6236A SchLib.SchLib
Replace Part R7 RC0805FR-07200KL in C:\Users\Public\Documents\Altium\Projects\ISL6236A Board\ISL6236A Sch.SchDoc with RC0805FR-07200KL from ISL6236A SchLib.SchLib
Replace Part R8 RC0805FR-07200KL in C:\Users\Public\Documents\Altium\Projects\ISL6236A Board\ISL6236A Sch.SchDoc with RC0805FR-07200KL from ISL6236A SchLib.SchLib
Replace Part R9 RC0805FR-07200KL in C:\Users\Public\Documents\Altium\Projects\ISL6236A Board\ISL6236A Sch.SchDoc with RC0805FR-07200KL from ISL6236A SchLib.SchLib
Replace Part R10 RES in C:\Users\Public\Documents\Altium\Projects\ISL6236A Board\ISL6236A Sch.SchDoc with RES from ISL6236A SchLib.SchLib
Replace Part R11 RC0603JR-070RL in C:\Users\Public\Documents\Altium\Projects\ISL6236A Board\ISL6236A Sch.SchDoc with RC0603JR-070RL from ISL6236A SchLib.SchLib
Replace Part R12 RR1220P-103-D in C:\Users\Public\Documents\Altium\Projects\ISL6236A Board\ISL6236A Sch.SchDoc with RR1220P-103-D from ISL6236A SchLib.SchLib
Replace Part R13 RR1220P-103-D in C:\Users\Public\Documents\Altium\Projects\ISL6236A Board\ISL6236A Sch.SchDoc with RR1220P-103-D from ISL6236A SchLib.SchLib
Replace Part R14 RES in C:\Users\Public\Documents\Altium\Projects\ISL6236A Board\ISL6236A Sch.SchDoc with RES from ISL6236A SchLib.SchLib
Replace Part R15 RES in C:\Users\Public\Documents\Altium\Projects\ISL6236A Board\ISL6236A Sch.SchDoc with RES from ISL6236A SchLib.SchLib
Replace Part R16 RC0603JR-070RL in C:\Users\Public\Documents\Altium\Projects\ISL6236A Board\ISL6236A Sch.SchDoc with RC0603JR-070RL from ISL6236A SchLib.SchLib
Replace Part R17 RES in C:\Users\Public\Documents\Altium\Projects\ISL6236A Board\ISL6236A Sch.SchDoc with RES from ISL6236A SchLib.SchLib
Replace Part R18 RES in C:\Users\Public\Documents\Altium\Projects\ISL6236A Board\ISL6236A Sch.SchDoc with RES from ISL6236A SchLib.SchLib
Replace Part U1 ISL6236AIRZ in C:\Users\Public\Documents\Altium\Projects\ISL6236A Board\ISL6236A Sch.SchDoc with ISL6236AIRZ from ISL6236A SchLib.SchLib
Replace Part U2 SI4816BDY-T1-E3 in C:\Users\Public\Documents\Altium\Projects\ISL6236A Board\ISL6236A Sch.SchDoc with SI4816BDY-T1-E3 from ISL6236A SchLib.SchLib
Replace Part U3 SI4816BDY-T1-E3 in C:\Users\Public\Documents\Altium\Projects\ISL6236A Board\ISL6236A Sch.SchDoc with SI4816BDY-T1-E3 from ISL6236A SchLib.SchLib
