Added Component: Designator=C1(C0805)
Added Component: Designator=C2(C0805)
Added Component: Designator=C3(C1210)
Added Component: Designator=C4(C0805)
Added Component: Designator=C5(C1210)
Added Component: Designator=C6(C0805)
Added Component: Designator=C7(C0805)
Added Component: Designator=C8(C1206)
Added Component: Designator=C9(CPOL1210TCJ)
Added Component: Designator=C10(CPOL1210TCJ)
Added Component: Designator=C11(C0805)
Added Component: Designator=C12(C0805)
Added Component: Designator=J1(PAD_WITH_HOLE_4MMX1.5MM)
Added Component: Designator=J2(PAD_WITH_HOLE_4MMX1.5MM)
Added Component: Designator=J3(PAD_WITH_HOLE_4MMX1.5MM)
Added Component: Designator=J4(PAD_WITH_HOLE_4MMX1.5MM)
Added Component: Designator=J5(PAD_WITH_HOLE_4MMX1.5MM)
Added Component: Designator=J6(PAD_WITH_HOLE_4MMX1.5MM)
Added Component: Designator=L1(DR125)
Added Component: Designator=L2(DR125)
Added Component: Designator=R1(R0603)
Added Component: Designator=R2(R0603)
Added Component: Designator=R3(R0805)
Added Component: Designator=R4(R0805)
Added Component: Designator=R5(R0805)
Added Component: Designator=R6(R0805)
Added Component: Designator=R7(R0805)
Added Component: Designator=R8(R0805)
Added Component: Designator=R9(R0805)
Added Component: Designator=R10(R0805)
Added Component: Designator=R11(R0603)
Added Component: Designator=R12(R0805)
Added Component: Designator=R13(R0805)
Added Component: Designator=R14(R0805)
Added Component: Designator=R15(R0805)
Added Component: Designator=R16(R0603)
Added Component: Designator=R17(R0805)
Added Component: Designator=R18(R0805)
Added Component: Designator=U1(L32.5x5B)
Added Component: Designator=U2(SO-8)
Added Component: Designator=U3(SO-8)
Added Pin To Net: NetName=+5PVCC Pin=C6-2
Added Pin To Net: NetName=+5PVCC Pin=R1-1
Added Pin To Net: NetName=+5PVCC Pin=R2-2
Added Pin To Net: NetName=+5PVCC Pin=R3-1
Added Pin To Net: NetName=+5PVCC Pin=U1-19
Added Net: Name=+5PVCC
Added Pin To Net: NetName=+5V_VCC Pin=C2-1
Added Pin To Net: NetName=+5V_VCC Pin=R3-2
Added Pin To Net: NetName=+5V_VCC Pin=R8-2
Added Pin To Net: NetName=+5V_VCC Pin=R9-2
Added Pin To Net: NetName=+5V_VCC Pin=R11-2
Added Pin To Net: NetName=+5V_VCC Pin=R12-2
Added Pin To Net: NetName=+5V_VCC Pin=R13-2
Added Pin To Net: NetName=+5V_VCC Pin=R15-1
Added Pin To Net: NetName=+5V_VCC Pin=U1-2
Added Pin To Net: NetName=+5V_VCC Pin=U1-3
Added Pin To Net: NetName=+5V_VCC Pin=U1-20
Added Net: Name=+5V_VCC
Added Pin To Net: NetName=+REF Pin=C12-1
Added Pin To Net: NetName=+REF Pin=U1-1
Added Net: Name=+REF
Added Pin To Net: NetName=+VIN Pin=C3-2
Added Pin To Net: NetName=+VIN Pin=C4-1
Added Pin To Net: NetName=+VIN Pin=C5-1
Added Pin To Net: NetName=+VIN Pin=J1-1
Added Pin To Net: NetName=+VIN Pin=R2-1
Added Pin To Net: NetName=+VIN Pin=U1-6
Added Pin To Net: NetName=+VIN Pin=U2-8
Added Pin To Net: NetName=+VIN Pin=U3-8
Added Net: Name=+VIN
Added Pin To Net: NetName=+VREF3 Pin=C11-1
Added Pin To Net: NetName=+VREF3 Pin=R16-2
Added Pin To Net: NetName=+VREF3 Pin=U1-5
Added Net: Name=+VREF3
Added Pin To Net: NetName=EN1 Pin=R13-1
Added Net: Name=EN1
Added Pin To Net: NetName=EN_LDO Pin=R12-1
Added Pin To Net: NetName=EN_LDO Pin=U1-4
Added Net: Name=EN_LDO
Added Pin To Net: NetName=FB1 Pin=R10-2
Added Pin To Net: NetName=FB1 Pin=R11-1
Added Pin To Net: NetName=FB1 Pin=R14-1
Added Pin To Net: NetName=FB1 Pin=U1-11
Added Net: Name=FB1
Added Pin To Net: NetName=GND Pin=C1-2
Added Pin To Net: NetName=GND Pin=C2-2
Added Pin To Net: NetName=GND Pin=C3-1
Added Pin To Net: NetName=GND Pin=C4-2
Added Pin To Net: NetName=GND Pin=C5-2
Added Pin To Net: NetName=GND Pin=C6-1
Added Pin To Net: NetName=GND Pin=C9-2
Added Pin To Net: NetName=GND Pin=C10-2
Added Pin To Net: NetName=GND Pin=C11-2
Added Pin To Net: NetName=GND Pin=C12-2
Added Pin To Net: NetName=GND Pin=J2-1
Added Pin To Net: NetName=GND Pin=J4-1
Added Pin To Net: NetName=GND Pin=J6-1
Added Pin To Net: NetName=GND Pin=R6-1
Added Pin To Net: NetName=GND Pin=R7-1
Added Pin To Net: NetName=GND Pin=R14-2
Added Pin To Net: NetName=GND Pin=R18-2
Added Pin To Net: NetName=GND Pin=U1-8
Added Pin To Net: NetName=GND Pin=U1-21
Added Pin To Net: NetName=GND Pin=U1-22
Added Pin To Net: NetName=GND Pin=U1-29
Added Pin To Net: NetName=GND Pin=U1-33
Added Pin To Net: NetName=GND Pin=U2-2
Added Pin To Net: NetName=GND Pin=U2-3
Added Pin To Net: NetName=GND Pin=U3-2
Added Pin To Net: NetName=GND Pin=U3-3
Added Net: Name=GND
Added Pin To Net: NetName=LDO_VCC Pin=C1-1
Added Pin To Net: NetName=LDO_VCC Pin=R1-2
Added Pin To Net: NetName=LDO_VCC Pin=U1-7
Added Net: Name=LDO_VCC
Added Pin To Net: NetName=LGATE1 Pin=U1-18
Added Pin To Net: NetName=LGATE1 Pin=U2-4
Added Net: Name=LGATE1
Added Pin To Net: NetName=LGATE2 Pin=U1-23
Added Pin To Net: NetName=LGATE2 Pin=U3-4
Added Net: Name=LGATE2
Added Pin To Net: NetName=NetC7_1 Pin=C7-1
Added Pin To Net: NetName=NetC7_1 Pin=R5-1
Added Net: Name=NetC7_1
Added Pin To Net: NetName=NetC8_1 Pin=C8-1
Added Pin To Net: NetName=NetC8_1 Pin=R4-2
Added Net: Name=NetC8_1
Added Pin To Net: NetName=NETLABEL23 Pin=C10-1
Added Pin To Net: NetName=NETLABEL23 Pin=J3-1
Added Pin To Net: NetName=NETLABEL23 Pin=U1-30
Added Net: Name=NETLABEL23
Added Pin To Net: NetName=NetR4_1 Pin=R4-1
Added Pin To Net: NetName=NetR4_1 Pin=U1-24
Added Net: Name=NetR4_1
Added Pin To Net: NetName=NetR5_2 Pin=R5-2
Added Pin To Net: NetName=NetR5_2 Pin=U1-17
Added Net: Name=NetR5_2
Added Pin To Net: NetName=NetR6_2 Pin=R6-2
Added Pin To Net: NetName=NetR6_2 Pin=U1-12
Added Net: Name=NetR6_2
Added Pin To Net: NetName=NetR7_2 Pin=R7-2
Added Pin To Net: NetName=NetR7_2 Pin=U1-31
Added Net: Name=NetR7_2
Added Pin To Net: NetName=OUT1 Pin=C9-1
Added Pin To Net: NetName=OUT1 Pin=J5-1
Added Pin To Net: NetName=OUT1 Pin=R10-1
Added Pin To Net: NetName=OUT1 Pin=U1-10
Added Net: Name=OUT1
Added Pin To Net: NetName=PHASE1 Pin=C7-2
Added Pin To Net: NetName=PHASE1 Pin=U1-16
Added Pin To Net: NetName=PHASE1 Pin=U2-5
Added Pin To Net: NetName=PHASE1 Pin=U2-6
Added Pin To Net: NetName=PHASE1 Pin=U2-7
Added Net: Name=PHASE1
Added Pin To Net: NetName=PHASE2 Pin=C8-2
Added Pin To Net: NetName=PHASE2 Pin=U1-25
Added Pin To Net: NetName=PHASE2 Pin=U3-5
Added Pin To Net: NetName=PHASE2 Pin=U3-6
Added Pin To Net: NetName=PHASE2 Pin=U3-7
Added Net: Name=PHASE2
Added Pin To Net: NetName=POK1 Pin=R9-1
Added Pin To Net: NetName=POK1 Pin=U1-13
Added Pin To Net: NetName=POK1 Pin=U1-27
Added Net: Name=POK1
Added Pin To Net: NetName=POK2 Pin=R8-1
Added Pin To Net: NetName=POK2 Pin=U1-14
Added Pin To Net: NetName=POK2 Pin=U1-28
Added Net: Name=POK2
Added Pin To Net: NetName=REFIN2 Pin=R15-2
Added Pin To Net: NetName=REFIN2 Pin=R16-1
Added Pin To Net: NetName=REFIN2 Pin=R17-1
Added Pin To Net: NetName=REFIN2 Pin=R18-1
Added Pin To Net: NetName=REFIN2 Pin=U1-32
Added Net: Name=REFIN2
Added Pin To Net: NetName=REF Pin=R17-2
Added Net: Name=REF
Added Pin To Net: NetName=UGATE1 Pin=U1-15
Added Pin To Net: NetName=UGATE1 Pin=U2-1
Added Net: Name=UGATE1
Added Pin To Net: NetName=UGATE2 Pin=U1-26
Added Pin To Net: NetName=UGATE2 Pin=U3-1
Added Net: Name=UGATE2
