Added Component: Designator=C1(1608[0603])
Added Component: Designator=C2(1608[0603])
Added Component: Designator=C3(1608[0603])
Added Component: Designator=D1(3.2X1.6X1.1)
Added Component: Designator=IC1(DIP-LM555)
Added Component: Designator=P1(HDR1X2)
Added Component: Designator=R1(J1-0603)
Added Component: Designator=R2(J1-0603)
Added Component: Designator=R3(J1-0603)
Added Pin To Net: NetName=GND Pin=C1-1
Added Pin To Net: NetName=GND Pin=C2-1
Added Pin To Net: NetName=GND Pin=C3-1
Added Pin To Net: NetName=GND Pin=D1-2
Added Pin To Net: NetName=GND Pin=IC1-1
Added Pin To Net: NetName=GND Pin=IC1-1
Added Pin To Net: NetName=GND Pin=P1-2
Added Net: Name=GND
Added Pin To Net: NetName=NetC2_2 Pin=C2-2
Added Pin To Net: NetName=NetC2_2 Pin=IC1-5
Added Net: Name=NetC2_2
Added Pin To Net: NetName=NetC3_2 Pin=C3-2
Added Pin To Net: NetName=NetC3_2 Pin=IC1-2
Added Pin To Net: NetName=NetC3_2 Pin=IC1-6
Added Pin To Net: NetName=NetC3_2 Pin=R2-1
Added Net: Name=NetC3_2
Added Pin To Net: NetName=NetD1_1 Pin=D1-1
Added Pin To Net: NetName=NetD1_1 Pin=R3-1
Added Net: Name=NetD1_1
Added Pin To Net: NetName=NetIC1_3 Pin=IC1-3
Added Pin To Net: NetName=NetIC1_3 Pin=R3-2
Added Net: Name=NetIC1_3
Added Pin To Net: NetName=NetIC1_7 Pin=IC1-7
Added Pin To Net: NetName=NetIC1_7 Pin=R1-1
Added Pin To Net: NetName=NetIC1_7 Pin=R2-2
Added Net: Name=NetIC1_7
Added Pin To Net: NetName=VCC9 Pin=C1-2
Added Pin To Net: NetName=VCC9 Pin=IC1-4
Added Pin To Net: NetName=VCC9 Pin=IC1-8
Added Pin To Net: NetName=VCC9 Pin=P1-1
Added Pin To Net: NetName=VCC9 Pin=R1-2
Added Net: Name=VCC9
Added Class: Name=TimedCircuit
Added Room: Name=TimedCircuit
